[0729/173601.523:ERROR:scoped_process_suspend.cc(31)] NtSuspendProcess: An attempt was made to access an exiting process. (0xc000010a)
[0729/173601.523:ERROR:scoped_process_suspend.cc(31)] NtSuspendProcess: An attempt was made to access an exiting process. (0xc000010a)
[0729/173602.000:ERROR:process_info.cc(118)] ReadProcessMemory bool __cdecl crashpad::(anonymous namespace)::ReadStruct(HANDLE, crashpad::WinVMAddress, T *) [T = crashpad::process_types::PEB<crashpad::process_types::internal::Traits64>]: Only part of a ReadProcessMemory or WriteProcessMemory request was completed. (0x12B)
[0729/173602.000:ERROR:process_info.cc(551)] ReadProcessData failed
[0729/173602.000:ERROR:process_info.cc(118)] ReadProcessMemory bool __cdecl crashpad::(anonymous namespace)::ReadStruct(HANDLE, crashpad::WinVMAddress, T *) [T = crashpad::process_types::PEB<crashpad::process_types::internal::Traits64>]: Only part of a ReadProcessMemory or WriteProcessMemory request was completed. (0x12B)
[0729/173602.001:ERROR:process_info.cc(551)] ReadProcessData failed
[0729/173602.694:ERROR:process_reader_win.cc(123)] NtOpenThread: {Access Denied} A process has requested access to an object, but has not been granted those access rights. (0xc0000022)
[0729/173602.694:ERROR:exception_snapshot_win.cc(98)] thread ID 14164 not found in process
[0729/173602.701:ERROR:process_reader_win.cc(123)] NtOpenThread: {Access Denied} A process has requested access to an object, but has not been granted those access rights. (0xc0000022)
[0729/173602.701:ERROR:exception_snapshot_win.cc(98)] thread ID 13088 not found in process
[0729/173602.702:ERROR:process_reader_win.cc(123)] NtOpenThread: {Access Denied} A process has requested access to an object, but has not been granted those access rights. (0xc0000022)
[0729/173602.702:ERROR:process_reader_win.cc(123)] NtOpenThread: {Access Denied} A process has requested access to an object, but has not been granted those access rights. (0xc0000022)
[0729/173602.702:ERROR:exception_snapshot_win.cc(98)] thread ID 20784 not found in process
[0729/173602.702:ERROR:exception_snapshot_win.cc(98)] thread ID 21320 not found in process
[0729/173602.704:ERROR:process_reader_win.cc(123)] NtOpenThread: {Access Denied} A process has requested access to an object, but has not been granted those access rights. (0xc0000022)
[0729/173602.704:ERROR:exception_snapshot_win.cc(98)] thread ID 2756 not found in process
[0729/173602.710:ERROR:process_reader_win.cc(123)] NtOpenThread: {Access Denied} A process has requested access to an object, but has not been granted those access rights. (0xc0000022)
[0729/173602.710:ERROR:exception_snapshot_win.cc(98)] thread ID 20168 not found in process
[0729/173602.721:ERROR:process_reader_win.cc(123)] NtOpenThread: {Access Denied} A process has requested access to an object, but has not been granted those access rights. (0xc0000022)
[0729/173602.721:ERROR:exception_snapshot_win.cc(98)] thread ID 10056 not found in process
[0729/173603.034:ERROR:process_reader_win.cc(123)] NtOpenThread: {Access Denied} A process has requested access to an object, but has not been granted those access rights. (0xc0000022)
[0729/173603.034:ERROR:exception_snapshot_win.cc(98)] thread ID 19220 not found in process
[0729/173603.043:ERROR:process_reader_win.cc(123)] NtOpenThread: {Access Denied} A process has requested access to an object, but has not been granted those access rights. (0xc0000022)
[0729/173603.043:ERROR:exception_snapshot_win.cc(98)] thread ID 13200 not found in process
[0729/173603.045:ERROR:process_reader_win.cc(123)] NtOpenThread: {Access Denied} A process has requested access to an object, but has not been granted those access rights. (0xc0000022)
[0729/173603.045:ERROR:exception_snapshot_win.cc(98)] thread ID 19688 not found in process
[0729/173603.045:ERROR:process_reader_win.cc(123)] NtOpenThread: {Access Denied} A process has requested access to an object, but has not been granted those access rights. (0xc0000022)
[0729/173603.045:ERROR:exception_snapshot_win.cc(98)] thread ID 5644 not found in process
[0729/173603.050:ERROR:process_reader_win.cc(123)] NtOpenThread: {Access Denied} A process has requested access to an object, but has not been granted those access rights. (0xc0000022)
[0729/173603.050:ERROR:exception_snapshot_win.cc(98)] thread ID 10700 not found in process
[0729/173603.052:ERROR:process_reader_win.cc(123)] NtOpenThread: {Access Denied} A process has requested access to an object, but has not been granted those access rights. (0xc0000022)
[0729/173603.052:ERROR:exception_snapshot_win.cc(98)] thread ID 13360 not found in process
[0729/173603.055:ERROR:process_reader_win.cc(123)] NtOpenThread: {Access Denied} A process has requested access to an object, but has not been granted those access rights. (0xc0000022)
[0729/173603.055:ERROR:process_reader_win.cc(123)] NtOpenThread: {Access Denied} A process has requested access to an object, but has not been granted those access rights. (0xc0000022)
[0729/173603.055:ERROR:exception_snapshot_win.cc(98)] thread ID 18284 not found in process
[0729/173603.055:ERROR:exception_snapshot_win.cc(98)] thread ID 16512 not found in process
[0729/173603.057:ERROR:process_reader_win.cc(123)] NtOpenThread: {Access Denied} A process has requested access to an object, but has not been granted those access rights. (0xc0000022)
[0729/173603.057:ERROR:exception_snapshot_win.cc(98)] thread ID 17284 not found in process
[0729/173603.064:ERROR:process_reader_win.cc(123)] NtOpenThread: {Access Denied} A process has requested access to an object, but has not been granted those access rights. (0xc0000022)
[0729/173603.064:ERROR:exception_snapshot_win.cc(98)] thread ID 20864 not found in process
[0729/173603.077:ERROR:process_reader_win.cc(123)] NtOpenThread: {Access Denied} A process has requested access to an object, but has not been granted those access rights. (0xc0000022)
[0729/173603.077:ERROR:exception_snapshot_win.cc(98)] thread ID 18552 not found in process
